This is pdfTeX, Version 3.141592653-2.6-1.40.25 (MiKTeX 24.1) (preloaded format=pdflatex 2024.6.5)  6 JUN 2024 11:30
entering extended mode
 restricted \write18 enabled.
 %&-line parsing enabled.
**"./Documeno cientifico.tex"
(Documeno cientifico.tex
LaTeX2e <2023-11-01> patch level 1
L3 programming layer <2024-01-04>
(C:\Users\pee\AppData\Local\Programs\MiKTeX\tex/latex/ieeetran\IEEEtran.cls
Document Class: IEEEtran 2015/08/26 V1.8b by Michael Shell
-- See the "IEEEtran_HOWTO" manual for usage information.
-- http://www.michaelshell.org/tex/ieeetran/
\@IEEEtrantmpdimenA=\dimen140
\@IEEEtrantmpdimenB=\dimen141
\@IEEEtrantmpdimenC=\dimen142
\@IEEEtrantmpcountA=\count187
\@IEEEtrantmpcountB=\count188
\@IEEEtrantmpcountC=\count189
\@IEEEtrantmptoksA=\toks17
LaTeX Font Info:    Trying to load font information for OT1+ptm on input line 5
03.
(C:\Users\pee\AppData\Local\Programs\MiKTeX\tex/latex/psnfss\ot1ptm.fd
File: ot1ptm.fd 2001/06/04 font definitions for OT1/ptm.
)
-- Using 210mm x 297mm (a4) paper.
-- Using PDF output.
\@IEEEnormalsizeunitybaselineskip=\dimen143
-- This is a 10 point document.
\CLASSINFOnormalsizebaselineskip=\dimen144
\CLASSINFOnormalsizeunitybaselineskip=\dimen145
\IEEEnormaljot=\dimen146
LaTeX Font Info:    Font shape `OT1/ptm/bx/n' in size <5> not available
(Font)              Font shape `OT1/ptm/b/n' tried instead on input line 1090.
LaTeX Font Info:    Font shape `OT1/ptm/bx/it' in size <5> not available
(Font)              Font shape `OT1/ptm/b/it' tried instead on input line 1090.

LaTeX Font Info:    Font shape `OT1/ptm/bx/n' in size <7> not available
(Font)              Font shape `OT1/ptm/b/n' tried instead on input line 1090.
LaTeX Font Info:    Font shape `OT1/ptm/bx/it' in size <7> not available
(Font)              Font shape `OT1/ptm/b/it' tried instead on input line 1090.

LaTeX Font Info:    Font shape `OT1/ptm/bx/n' in size <8> not available
(Font)              Font shape `OT1/ptm/b/n' tried instead on input line 1090.
LaTeX Font Info:    Font shape `OT1/ptm/bx/it' in size <8> not available
(Font)              Font shape `OT1/ptm/b/it' tried instead on input line 1090.

LaTeX Font Info:    Font shape `OT1/ptm/bx/n' in size <9> not available
(Font)              Font shape `OT1/ptm/b/n' tried instead on input line 1090.
LaTeX Font Info:    Font shape `OT1/ptm/bx/it' in size <9> not available
(Font)              Font shape `OT1/ptm/b/it' tried instead on input line 1090.

LaTeX Font Info:    Font shape `OT1/ptm/bx/n' in size <10> not available
(Font)              Font shape `OT1/ptm/b/n' tried instead on input line 1090.
LaTeX Font Info:    Font shape `OT1/ptm/bx/it' in size <10> not available
(Font)              Font shape `OT1/ptm/b/it' tried instead on input line 1090.

LaTeX Font Info:    Font shape `OT1/ptm/bx/n' in size <11> not available
(Font)              Font shape `OT1/ptm/b/n' tried instead on input line 1090.
LaTeX Font Info:    Font shape `OT1/ptm/bx/it' in size <11> not available
(Font)              Font shape `OT1/ptm/b/it' tried instead on input line 1090.

LaTeX Font Info:    Font shape `OT1/ptm/bx/n' in size <12> not available
(Font)              Font shape `OT1/ptm/b/n' tried instead on input line 1090.
LaTeX Font Info:    Font shape `OT1/ptm/bx/it' in size <12> not available
(Font)              Font shape `OT1/ptm/b/it' tried instead on input line 1090.

LaTeX Font Info:    Font shape `OT1/ptm/bx/n' in size <17> not available
(Font)              Font shape `OT1/ptm/b/n' tried instead on input line 1090.
LaTeX Font Info:    Font shape `OT1/ptm/bx/it' in size <17> not available
(Font)              Font shape `OT1/ptm/b/it' tried instead on input line 1090.

LaTeX Font Info:    Font shape `OT1/ptm/bx/n' in size <20> not available
(Font)              Font shape `OT1/ptm/b/n' tried instead on input line 1090.
LaTeX Font Info:    Font shape `OT1/ptm/bx/it' in size <20> not available
(Font)              Font shape `OT1/ptm/b/it' tried instead on input line 1090.

LaTeX Font Info:    Font shape `OT1/ptm/bx/n' in size <24> not available
(Font)              Font shape `OT1/ptm/b/n' tried instead on input line 1090.
LaTeX Font Info:    Font shape `OT1/ptm/bx/it' in size <24> not available
(Font)              Font shape `OT1/ptm/b/it' tried instead on input line 1090.

\IEEEquantizedlength=\dimen147
\IEEEquantizedlengthdiff=\dimen148
\IEEEquantizedtextheightdiff=\dimen149
\IEEEilabelindentA=\dimen150
\IEEEilabelindentB=\dimen151
\IEEEilabelindent=\dimen152
\IEEEelabelindent=\dimen153
\IEEEdlabelindent=\dimen154
\IEEElabelindent=\dimen155
\IEEEiednormlabelsep=\dimen156
\IEEEiedmathlabelsep=\dimen157
\IEEEiedtopsep=\skip48
\c@section=\count190
\c@subsection=\count191
\c@subsubsection=\count192
\c@paragraph=\count193
\c@IEEEsubequation=\count194
\abovecaptionskip=\skip49
\belowcaptionskip=\skip50
\c@figure=\count195
\c@table=\count196
\@IEEEeqnnumcols=\count197
\@IEEEeqncolcnt=\count198
\@IEEEsubeqnnumrollback=\count199
\@IEEEquantizeheightA=\dimen158
\@IEEEquantizeheightB=\dimen159
\@IEEEquantizeheightC=\dimen160
\@IEEEquantizeprevdepth=\dimen161
\@IEEEquantizemultiple=\count266
\@IEEEquantizeboxA=\box51
\@IEEEtmpitemindent=\dimen162
\IEEEPARstartletwidth=\dimen163
\c@IEEEbiography=\count267
\@IEEEtranrubishbin=\box52
) (C:\Users\pee\AppData\Local\Programs\MiKTeX\tex/latex/amsmath\amsmath.sty
Package: amsmath 2023/05/13 v2.17o AMS math features
\@mathmargin=\skip51

For additional information on amsmath, use the `?' option.
(C:\Users\pee\AppData\Local\Programs\MiKTeX\tex/latex/amsmath\amstext.sty
Package: amstext 2021/08/26 v2.01 AMS text

(C:\Users\pee\AppData\Local\Programs\MiKTeX\tex/latex/amsmath\amsgen.sty
File: amsgen.sty 1999/11/30 v2.0 generic functions
\@emptytoks=\toks18
\ex@=\dimen164
))
(C:\Users\pee\AppData\Local\Programs\MiKTeX\tex/latex/amsmath\amsbsy.sty
Package: amsbsy 1999/11/29 v1.2d Bold Symbols
\pmbraise@=\dimen165
)
(C:\Users\pee\AppData\Local\Programs\MiKTeX\tex/latex/amsmath\amsopn.sty
Package: amsopn 2022/04/08 v2.04 operator names
)
\inf@bad=\count268
LaTeX Info: Redefining \frac on input line 234.
\uproot@=\count269
\leftroot@=\count270
LaTeX Info: Redefining \overline on input line 399.
LaTeX Info: Redefining \colon on input line 410.
\classnum@=\count271
\DOTSCASE@=\count272
LaTeX Info: Redefining \ldots on input line 496.
LaTeX Info: Redefining \dots on input line 499.
LaTeX Info: Redefining \cdots on input line 620.
\Mathstrutbox@=\box53
\strutbox@=\box54
LaTeX Info: Redefining \big on input line 722.
LaTeX Info: Redefining \Big on input line 723.
LaTeX Info: Redefining \bigg on input line 724.
LaTeX Info: Redefining \Bigg on input line 725.
\big@size=\dimen166
LaTeX Font Info:    Redeclaring font encoding OML on input line 743.
LaTeX Font Info:    Redeclaring font encoding OMS on input line 744.
\macc@depth=\count273
LaTeX Info: Redefining \bmod on input line 905.
LaTeX Info: Redefining \pmod on input line 910.
LaTeX Info: Redefining \smash on input line 940.
LaTeX Info: Redefining \relbar on input line 970.
LaTeX Info: Redefining \Relbar on input line 971.
\c@MaxMatrixCols=\count274
\dotsspace@=\muskip16
\c@parentequation=\count275
\dspbrk@lvl=\count276
\tag@help=\toks19
\row@=\count277
\column@=\count278
\maxfields@=\count279
\andhelp@=\toks20
\eqnshift@=\dimen167
\alignsep@=\dimen168
\tagshift@=\dimen169
\tagwidth@=\dimen170
\totwidth@=\dimen171
\lineht@=\dimen172
\@envbody=\toks21
\multlinegap=\skip52
\multlinetaggap=\skip53
\mathdisplay@stack=\toks22
LaTeX Info: Redefining \[ on input line 2953.
LaTeX Info: Redefining \] on input line 2954.
)
(C:\Users\pee\AppData\Local\Programs\MiKTeX\tex/latex/graphics\graphicx.sty
Package: graphicx 2021/09/16 v1.2d Enhanced LaTeX Graphics (DPC,SPQR)

(C:\Users\pee\AppData\Local\Programs\MiKTeX\tex/latex/graphics\keyval.sty
Package: keyval 2022/05/29 v1.15 key=value parser (DPC)
\KV@toks@=\toks23
)
(C:\Users\pee\AppData\Local\Programs\MiKTeX\tex/latex/graphics\graphics.sty
Package: graphics 2022/03/10 v1.4e Standard LaTeX Graphics (DPC,SPQR)

(C:\Users\pee\AppData\Local\Programs\MiKTeX\tex/latex/graphics\trig.sty
Package: trig 2021/08/11 v1.11 sin cos tan (DPC)
)
(C:\Users\pee\AppData\Local\Programs\MiKTeX\tex/latex/graphics-cfg\graphics.cfg
File: graphics.cfg 2016/06/04 v1.11 sample graphics configuration
)
Package graphics Info: Driver file: pdftex.def on input line 107.
 (C:\Users\pee\AppData\Local\Programs\MiKTeX\tex/latex/graphics-def\pdftex.def
File: pdftex.def 2022/09/22 v1.2b Graphics/color driver for pdftex
))
\Gin@req@height=\dimen173
\Gin@req@width=\dimen174
)
(C:\Users\pee\AppData\Local\Programs\MiKTeX\tex/generic/genmisc\kbordermatrix.s
ty
Package: kbordermatrix 2011/09/21 Bordered matrix with brackets
\kbcolsep=\skip54
\kbrowsep=\skip55
\br@kwd=\skip56
\k@bordht=\skip57
) (C:\Users\pee\AppData\Local\Programs\MiKTeX\tex/latex/booktabs\booktabs.sty
Package: booktabs 2020/01/12 v1.61803398 Publication quality tables
\heavyrulewidth=\dimen175
\lightrulewidth=\dimen176
\cmidrulewidth=\dimen177
\belowrulesep=\dimen178
\belowbottomsep=\dimen179
\aboverulesep=\dimen180
\abovetopsep=\dimen181
\cmidrulesep=\dimen182
\cmidrulekern=\dimen183
\defaultaddspace=\dimen184
\@cmidla=\count280
\@cmidlb=\count281
\@aboverulesep=\dimen185
\@belowrulesep=\dimen186
\@thisruleclass=\count282
\@lastruleclass=\count283
\@thisrulewidth=\dimen187
) (C:\Users\pee\AppData\Local\Programs\MiKTeX\tex/latex/cite\cite.sty
LaTeX Info: Redefining \cite on input line 302.
LaTeX Info: Redefining \nocite on input line 332.
Package: cite 2015/02/27  v 5.5
)
(C:\Users\pee\AppData\Local\Programs\MiKTeX\tex/latex/l3backend\l3backend-pdfte
x.def
File: l3backend-pdftex.def 2024-01-04 L3 backend support: PDF output (pdfTeX)
\l__color_backend_stack_int=\count284
\l__pdf_internal_box=\box55
) (Documeno cientifico.aux)
\openout1 = `"Documeno cientifico.aux"'.

LaTeX Font Info:    Checking defaults for OML/cmm/m/it on input line 20.
LaTeX Font Info:    ... okay on input line 20.
LaTeX Font Info:    Checking defaults for OMS/cmsy/m/n on input line 20.
LaTeX Font Info:    ... okay on input line 20.
LaTeX Font Info:    Checking defaults for OT1/cmr/m/n on input line 20.
LaTeX Font Info:    ... okay on input line 20.
LaTeX Font Info:    Checking defaults for T1/cmr/m/n on input line 20.
LaTeX Font Info:    ... okay on input line 20.
LaTeX Font Info:    Checking defaults for TS1/cmr/m/n on input line 20.
LaTeX Font Info:    ... okay on input line 20.
LaTeX Font Info:    Checking defaults for OMX/cmex/m/n on input line 20.
LaTeX Font Info:    ... okay on input line 20.
LaTeX Font Info:    Checking defaults for U/cmr/m/n on input line 20.
LaTeX Font Info:    ... okay on input line 20.

-- Lines per column: 56 (exact).

(C:\Users\pee\AppData\Local\Programs\MiKTeX\tex/context/base/mkii\supp-pdf.mkii
[Loading MPS to PDF converter (version 2006.09.02).]
\scratchcounter=\count285
\scratchdimen=\dimen188
\scratchbox=\box56
\nofMPsegments=\count286
\nofMParguments=\count287
\everyMPshowfont=\toks24
\MPscratchCnt=\count288
\MPscratchDim=\dimen189
\MPnumerator=\count289
\makeMPintoPDFobject=\count290
\everyMPtoPDFconversion=\toks25
)
(C:\Users\pee\AppData\Local\Programs\MiKTeX\tex/latex/epstopdf-pkg\epstopdf-bas
e.sty
Package: epstopdf-base 2020-01-24 v2.11 Base part for package epstopdf
Package epstopdf-base Info: Redefining graphics rule for `.eps' on input line 4
85.

(C:\Users\pee\AppData\Local\Programs\MiKTeX\tex/latex/00miktex\epstopdf-sys.cfg
File: epstopdf-sys.cfg 2021/03/18 v2.0 Configuration of epstopdf for MiKTeX
))
Underfull \hbox (badness 1430) in paragraph at lines 74--78
\OT1/ptm/m/n/10 rendimiento de mod-e-los de clasi-fi-caci[]on. Los re-sul-ta-do
s
 []

[1{C:/Users/pee/AppData/Local/MiKTeX/fonts/map/pdftex/pdftex.map}{C:/Users/pee/
AppData/Local/Programs/MiKTeX/fonts/enc/dvips/base/8r.enc}


]

LaTeX Warning: Reference `fig:ejemplo' on page 2 undefined on input line 204.


LaTeX Warning: Reference `pcd:búsqueda secuencial hacia atrás' on page 2 unde
fined on input line 213.


! LaTeX Error: Environment pseudo undefined.

See the LaTeX manual or LaTeX Companion for explanation.
Type  H <return>  for immediate help.
 ...                                              
                                                  
l.215   \begin{pseudo}
                      *
? 
! Undefined control sequence.
l.216     \hd
             {\fn{búsqueda hacia atrás con evaluación robusta}}(SolucionI...

? 
! Undefined control sequence.
l.216     \hd{\fn
                 {búsqueda hacia atrás con evaluación robusta}}(SolucionI...

? 
! Misplaced \omit.
\multispan ->\omit 
                   \@multispan 
l.217 ...ntrada}: un vector \( SolucionInicial \)}
                                                   \\*
? 
! Misplaced \span.
\sp@n ->\span 
              \omit \advance \@multicnt \m@ne 
l.217 ...ntrada}: un vector \( SolucionInicial \)}
                                                   \\*
? 
! Misplaced \omit.
\sp@n ->\span \omit 
                    \advance \@multicnt \m@ne 
l.217 ...ntrada}: un vector \( SolucionInicial \)}
                                                   \\*
? 
! Undefined control sequence.
<argument> ...nextchar \ifcase \@chclass \@classz 
                                                  \or \@classi \or \@classii...
l.217 ...ntrada}: un vector \( SolucionInicial \)}
                                                   \\*
? 
! Undefined control sequence.
\@mkpream ...hclass }\ifcase \@lastchclass \@acol 
                                                  \or \or \@preamerr \@ne \o...
l.217 ...ntrada}: un vector \( SolucionInicial \)}
                                                   \\*
? 
! Misplaced \omit.
\multispan ->\omit 
                   \@multispan 
l.218 ... \) soluciones, su tamaño y rendimiento}
                                                   \\
? 
! Misplaced \span.
\sp@n ->\span 
              \omit \advance \@multicnt \m@ne 
l.218 ... \) soluciones, su tamaño y rendimiento}
                                                   \\
? 
! Misplaced \omit.
\sp@n ->\span \omit 
                    \advance \@multicnt \m@ne 
l.218 ... \) soluciones, su tamaño y rendimiento}
                                                   \\
? 
! Undefined control sequence.
<argument> ...nextchar \ifcase \@chclass \@classz 
                                                  \or \@classi \or \@classii...
l.218 ... \) soluciones, su tamaño y rendimiento}
                                                   \\
? 
! Undefined control sequence.
\@mkpream ...hclass }\ifcase \@lastchclass \@acol 
                                                  \or \or \@preamerr \@ne \o...
l.218 ... \) soluciones, su tamaño y rendimiento}
                                                   \\
? 

Underfull \hbox (badness 10000) in paragraph at lines 215--219

 []


Underfull \hbox (badness 10000) in paragraph at lines 220--223

 []

! Undefined control sequence.
l.224     \por
               cada \( k \) \textnormal{ desde } \( K \) \textnormal{ hasta ...

? 

Underfull \hbox (badness 10000) in paragraph at lines 224--227

 []

! Undefined control sequence.
l.228         \por
                   cada \( V \) \textnormal{ en } \( SolucionActual \) \text...

? 
! Undefined control sequence.
l.230             \( Rendimiento \leftarrow \fn
                                               {evaluacionRobusta}(SolucionT...

? 

Underfull \hbox (badness 10000) in paragraph at lines 228--231

 []

! Undefined control sequence.
l.232             \si
                      \( Rendimiento > MejorRendimiento \) \textnormal{ ento...

? 
! Undefined control sequence.
l.235         \fin
                   \\-
? 
! Undefined control sequence.
l.238         \( Tabla \leftarrow \fn
                                     {agregarFila}(Tabla, MejorSolucionTempo...

? 
! Undefined control sequence.
l.239     \fin
               \\
? 

Overfull \hbox (240.65067pt too wide) in paragraph at lines 237--240
\OML/cmm/m/it/10 Tabla \OMS/cmsy/m/n/10   []\OT1/cmr/m/n/10 (\OML/cmm/m/it/10 T
abla; MejorSolucionTemporal; []\OT1/cmr/m/n/10 (\OML/cmm/m/it/10 MejorSolucionT
emporal\OT1/cmr/m/n/10 )\OML/cmm/m/it/10 ; MejorRendimiento\OT1/cmr/m/n/10 )$ 
 []


Underfull \hbox (badness 10000) in paragraph at lines 237--240

 []

! Undefined control sequence.
l.241     \( Tabla \leftarrow \fn
                                 {ordenarPorRendimiento}(Tabla) \) \\
? 
! Undefined control sequence.
l.242     \( DataFrame \leftarrow \fn
                                     {convertirADataFrame}(Tabla) \) \\
? 

Underfull \hbox (badness 10000) in paragraph at lines 241--243

 []

! Undefined control sequence.
l.244     \devolver
                    \( DataFrame \) \\
? 

! LaTeX Error: \begin{figure} on input line 214 ended by \end{pseudo}.

See the LaTeX manual or LaTeX Companion for explanation.
Type  H <return>  for immediate help.
 ...                                              
                                                  
l.245   \end{pseudo}
                    
? 

Underfull \hbox (badness 10000) in paragraph at lines 244--246

 []


LaTeX Warning: Reference `fig:ejemplo' on page 2 undefined on input line 249.


LaTeX Warning: Reference `pcd:búsqueda secuencial hacia atrás mixta' on page 
2 undefined on input line 258.


! LaTeX Error: Environment pseudo undefined.

See the LaTeX manual or LaTeX Companion for explanation.
Type  H <return>  for immediate help.
 ...                                              
                                                  
l.260   \begin{pseudo}
                      *
? 
! Undefined control sequence.
l.261     \hd
             {\fn{búsqueda hacia atrás con evaluación robusta}}(SolucionI...

? 
! Undefined control sequence.
l.261     \hd{\fn
                 {búsqueda hacia atrás con evaluación robusta}}(SolucionI...

? 
! Misplaced \omit.
\multispan ->\omit 
                   \@multispan 
l.262 ...ntrada}: un vector \( SolucionInicial \)}
                                                   \\*
? 
! Misplaced \span.
\sp@n ->\span 
              \omit \advance \@multicnt \m@ne 
l.262 ...ntrada}: un vector \( SolucionInicial \)}
                                                   \\*
? 
! Misplaced \omit.
\sp@n ->\span \omit 
                    \advance \@multicnt \m@ne 
l.262 ...ntrada}: un vector \( SolucionInicial \)}
                                                   \\*
? 
! Undefined control sequence.
<argument> ...nextchar \ifcase \@chclass \@classz 
                                                  \or \@classi \or \@classii...
l.262 ...ntrada}: un vector \( SolucionInicial \)}
                                                   \\*
? 
! Undefined control sequence.
\@mkpream ...hclass }\ifcase \@lastchclass \@acol 
                                                  \or \or \@preamerr \@ne \o...
l.262 ...ntrada}: un vector \( SolucionInicial \)}
                                                   \\*
? 
! Misplaced \omit.
\multispan ->\omit 
                   \@multispan 
l.263 ... \) soluciones, su tamaño y rendimiento}
                                                   \\
? 
! Misplaced \span.
\sp@n ->\span 
              \omit \advance \@multicnt \m@ne 
l.263 ... \) soluciones, su tamaño y rendimiento}
                                                   \\
? 
! Misplaced \omit.
\sp@n ->\span \omit 
                    \advance \@multicnt \m@ne 
l.263 ... \) soluciones, su tamaño y rendimiento}
                                                   \\
? 
! Undefined control sequence.
<argument> ...nextchar \ifcase \@chclass \@classz 
                                                  \or \@classi \or \@classii...
l.263 ... \) soluciones, su tamaño y rendimiento}
                                                   \\
? 
! Undefined control sequence.
\@mkpream ...hclass }\ifcase \@lastchclass \@acol 
                                                  \or \or \@preamerr \@ne \o...
l.263 ... \) soluciones, su tamaño y rendimiento}
                                                   \\
? 

Underfull \hbox (badness 10000) in paragraph at lines 260--264

 []


LaTeX Warning: Command \~ invalid in math mode on input line 268.

! Please use \mathaccent for accents in math mode.
\add@accent ... \let \ignorespaces \relax \accent 
                                                  #1 #2\egroup \ifmmode \els...
l.268     \( Añ
                adidos \leftarrow \textnormal{vacía} \) \\
? 

Underfull \hbox (badness 10000) in paragraph at lines 265--270

 []

! Undefined control sequence.
l.271     \por
               cada \( k \) \textnormal{ desde } \( K \) \textnormal{ hasta ...

? 

Underfull \hbox (badness 10000) in paragraph at lines 271--274

 []

! Undefined control sequence.
l.275         \por
                   cada \( V \) \textnormal{ en } \( SolucionActual \) \text...

? 
! Undefined control sequence.
l.277             \( Rendimiento \leftarrow \fn
                                               {evaluacionRobusta}(SolucionT...

? 

Underfull \hbox (badness 10000) in paragraph at lines 275--278

 []

! Undefined control sequence.
l.279             \si
                      \( Rendimiento > MejorRendimiento \) \textnormal{ ento...

? 
! Undefined control sequence.
l.282         \fin
                   \\-
? 

Underfull \hbox (badness 10000) in paragraph at lines 279--284

 []

! Undefined control sequence.
l.286         \por
                   cada \( V \) \textnormal{ en } \( ConjuntoOriginal \) \te...

? 
! Undefined control sequence.
l.287             \si
                      \( V \textnormal{ no está en } SolucionActual \textno...

? 

LaTeX Warning: Command \~ invalid in math mode on input line 287.

! Please use \mathaccent for accents in math mode.
\add@accent ... \let \ignorespaces \relax \accent 
                                                  #1 #2\egroup \ifmmode \els...
l.287 ...} SolucionActual \textnormal{ ni en } Añ
                                                  adidos \) \textnormal{ ent...

? 
! Undefined control sequence.
l.289 ...            \( Rendimiento \leftarrow \fn
                                                  {evaluacionRobusta}(Soluci...

? 

Underfull \hbox (badness 10000) in paragraph at lines 286--290

 []

! Undefined control sequence.
l.291                 \si
                          \( Rendimiento > MejorRendimiento \) \textnormal{ ...

? 
! Undefined control sequence.
l.294             \fin
                       \\-
? 
! Undefined control sequence.
l.295         \fin
                   \\-
? 
! Undefined control sequence.
l.297         \si
                  \( MejorRendimiento > MejorRendimientoPunto2 \) \textnorma...

? 

LaTeX Warning: Command \~ invalid in math mode on input line 299.

! Please use \mathaccent for accents in math mode.
\add@accent ... \let \ignorespaces \relax \accent 
                                                  #1 #2\egroup \ifmmode \els...
l.299             \( Añ
                        adidos \leftarrow \fn{agregar}(Añadidos, \textnorma...

? 
! Undefined control sequence.
l.299             \( Añadidos \leftarrow \fn
                                             {agregar}(Añadidos, \textnorma...

? 

LaTeX Warning: Command \~ invalid in math mode on input line 299.

! Please use \mathaccent for accents in math mode.
\add@accent ... \let \ignorespaces \relax \accent 
                                                  #1 #2\egroup \ifmmode \els...
l.299 ... \( Añadidos \leftarrow \fn{agregar}(Añ
                                                  adidos, \textnormal{variab...

? 
! Undefined control sequence.
l.301     \fin
               \\
? 

Underfull \hbox (badness 10000) in paragraph at lines 297--302
[]$\OML/cmm/m/it/10 MejorRendimiento > MejorRendimientoPunto\OT1/cmr/m/n/10 2$
 []


Overfull \hbox (85.85777pt too wide) in paragraph at lines 297--302
\OML/cmm/m/it/10 A[]adidos \OMS/cmsy/m/n/10   []\OT1/cmr/m/n/10 (\OML/cmm/m/it/
10 A[]adidos; []MejorSolucionTemporal\OT1/cmr/m/n/10 )$ 
 []


Underfull \hbox (badness 10000) in paragraph at lines 297--302

 []

! Undefined control sequence.
l.304         \( Tabla \leftarrow \fn
                                     {agregarFila}(Tabla, MejorSolucionTempo...

? 
! Undefined control sequence.
l.305     \fin
               \\
? 

Overfull \hbox (240.65067pt too wide) in paragraph at lines 303--306
\OML/cmm/m/it/10 Tabla \OMS/cmsy/m/n/10   []\OT1/cmr/m/n/10 (\OML/cmm/m/it/10 T
abla; MejorSolucionTemporal; []\OT1/cmr/m/n/10 (\OML/cmm/m/it/10 MejorSolucionT
emporal\OT1/cmr/m/n/10 )\OML/cmm/m/it/10 ; MejorRendimiento\OT1/cmr/m/n/10 )$ 
 []


Underfull \hbox (badness 10000) in paragraph at lines 303--306

 []

! Undefined control sequence.
l.307     \( Tabla \leftarrow \fn
                                 {ordenarPorRendimiento}(Tabla) \) \\
? 
! Undefined control sequence.
l.308     \( DataFrame \leftarrow \fn
                                     {convertirADataFrame}(Tabla) \) \\
? 

Underfull \hbox (badness 10000) in paragraph at lines 307--309

 []

! Undefined control sequence.
l.310     \devolver
                    \( DataFrame \) \\
? 

! LaTeX Error: \begin{figure} on input line 259 ended by \end{pseudo}.

See the LaTeX manual or LaTeX Companion for explanation.
Type  H <return>  for immediate help.
 ...                                              
                                                  
l.311   \end{pseudo}
                    
? 

Underfull \hbox (badness 10000) in paragraph at lines 310--312

 []

[2] [3]

** Conference Paper **
Before submitting the final camera ready copy, remember to:

 1. Manually equalize the lengths of two columns on the last page
 of your paper;

 2. Ensure that any PostScript and/or PDF output post-processing
 uses only Type 1 fonts and that every step in the generation
 process uses the appropriate paper size.

[4

] (Documeno cientifico.aux)
 ***********
LaTeX2e <2023-11-01> patch level 1
L3 programming layer <2024-01-04>
 ***********


LaTeX Warning: There were undefined references.


LaTeX Warning: Label(s) may have changed. Rerun to get cross-references right.

 ) 
Here is how much of TeX's memory you used:
 3063 strings out of 474486
 52230 string characters out of 5744700
 1956542 words of memory out of 5000000
 25346 multiletter control sequences out of 15000+600000
 592994 words of font info for 97 fonts, out of 8000000 for 9000
 1141 hyphenation exceptions out of 8191
 57i,8n,65p,237b,274s stack positions out of 10000i,1000n,20000p,200000b,200000s
<C:/Users/pee/AppData/Local/Programs/MiKTeX/fonts/type1/public/amsfonts/cm/cm
mi10.pfb><C:/Users/pee/AppData/Local/Programs/MiKTeX/fonts/type1/public/amsfont
s/cm/cmr10.pfb><C:/Users/pee/AppData/Local/Programs/MiKTeX/fonts/type1/public/a
msfonts/cm/cmsy10.pfb><C:/Users/pee/AppData/Local/Programs/MiKTeX/fonts/type1/p
ublic/amsfonts/cm/cmsy7.pfb><C:/Users/pee/AppData/Local/Programs/MiKTeX/fonts/t
ype1/urw/times/utmb8a.pfb><C:/Users/pee/AppData/Local/Programs/MiKTeX/fonts/typ
e1/urw/times/utmbi8a.pfb><C:/Users/pee/AppData/Local/Programs/MiKTeX/fonts/type
1/urw/times/utmr8a.pfb><C:/Users/pee/AppData/Local/Programs/MiKTeX/fonts/type1/
urw/times/utmri8a.pfb>
Output written on "Documeno cientifico.pdf" (4 pages, 120741 bytes).
PDF statistics:
 56 PDF objects out of 1000 (max. 8388607)
 0 named destinations out of 1000 (max. 500000)
 1 words of extra memory for PDF output out of 10000 (max. 10000000)

